<?xml version="1.0" encoding="UTF-8"?>
<testng-results skipped="0" failed="0" total="2" passed="2">
  <reporter-output>
  </reporter-output>
  <suite name="eBankingV1" duration-ms="39114" started-at="2021-09-14T11:43:45Z" finished-at="2021-09-14T11:44:24Z">
    <groups>
    </groups>
    <test name="BankingApp Test" duration-ms="39114" started-at="2021-09-14T11:43:45Z" finished-at="2021-09-14T11:44:24Z">
      <class name="com.enetBanking.testCases.TC_loginDDT_002">
        <test-method status="PASS" signature="setUp(java.lang.String)[pri:0, instance:com.enetBanking.testCases.TC_loginDDT_002@6be46e8f]" name="setUp" is-config="true" duration-ms="5038" started-at="2021-09-14T17:13:45Z" finished-at="2021-09-14T17:13:50Z">
          <params>
            <param index="0">
              <value>
                <![CDATA[chrome]]>
              </value>
            </param>
          </params>
          <reporter-output>
          </reporter-output>
        </test-method> <!-- setUp -->
        <test-method status="PASS" signature="loginTest(java.lang.String, java.lang.String)[pri:0, instance:com.enetBanking.testCases.TC_loginDDT_002@6be46e8f]" name="loginTest" duration-ms="16282" started-at="2021-09-14T17:13:51Z" data-provider="LoginData" finished-at="2021-09-14T17:14:08Z">
          <params>
            <param index="0">
              <value>
                <![CDATA[mngr353180]]>
              </value>
            </param>
            <param index="1">
              <value>
                <![CDATA[nerynYt]]>
              </value>
            </param>
          </params>
          <reporter-output>
          </reporter-output>
        </test-method> <!-- loginTest -->
        <test-method status="PASS" signature="loginTest(java.lang.String, java.lang.String)[pri:0, instance:com.enetBanking.testCases.TC_loginDDT_002@6be46e8f]" name="loginTest" duration-ms="15876" started-at="2021-09-14T17:14:08Z" data-provider="LoginData" finished-at="2021-09-14T17:14:24Z">
          <params>
            <param index="0">
              <value>
                <![CDATA[mngr353180]]>
              </value>
            </param>
            <param index="1">
              <value>
                <![CDATA[nerynYt]]>
              </value>
            </param>
          </params>
          <reporter-output>
          </reporter-output>
        </test-method> <!-- loginTest -->
        <test-method status="PASS" signature="tearDown()[pri:0, instance:com.enetBanking.testCases.TC_loginDDT_002@6be46e8f]" name="tearDown" is-config="true" duration-ms="640" started-at="2021-09-14T17:14:24Z" finished-at="2021-09-14T17:14:24Z">
          <reporter-output>
          </reporter-output>
        </test-method> <!-- tearDown -->
      </class> <!-- com.enetBanking.testCases.TC_loginDDT_002 -->
    </test> <!-- BankingApp Test -->
  </suite> <!-- eBankingV1 -->
</testng-results>
